#
# There is insufficient memory for the Java Runtime Environment to continue.
# Native memory allocation (malloc) failed to allocate 1048576 bytes for AllocateHeap
# Possible reasons:
#   The system is out of physical RAM or swap space
#   The process is running with CompressedOops enabled, and the Java Heap may be blocking the growth of the native heap
# Possible solutions:
#   Reduce memory load on the system
#   Increase physical memory or swap space
#   Check if swap backing store is full
#   Decrease Java heap size (-Xmx/-Xms)
#   Decrease number of Java threads
#   Decrease Java thread stack sizes (-Xss)
#   Set larger code cache with -XX:ReservedCodeCacheSize=
#   JVM is running with Unscaled Compressed Oops mode in which the Java heap is
#     placed in the first 4GB address space. The Java Heap base address is the
#     maximum limit for the native heap growth. Please use -XX:HeapBaseMinAddress
#     to set the Java Heap base and to place the Java Heap above 4GB virtual address.
# This output file may be truncated or incomplete.
#
#  Out of Memory Error (allocation.cpp:44), pid=1904, tid=27276
#
# JRE version:  (17.0.7+7) (build )
# Java VM: OpenJDK 64-Bit Server VM (17.0.7+7, mixed mode, emulated-client, sharing, tiered, compressed oops, compressed class ptrs, g1 gc, windows-amd64)
# No core dump will be written. Minidumps are not enabled by default on client versions of Windows
#

---------------  S U M M A R Y ------------

Command Line: -XX:+HeapDumpOnOutOfMemoryError -Xmx1024m -Dsts.lsp.client=vscode -Dsts.log.file=/dev/null -XX:TieredStopAtLevel=1 -Xlog:jni+resolve=off -Dspring.config.location=file:c:\Users\alexis.martinez\.vscode\extensions\vmware.vscode-spring-boot-1.47.0\language-server\BOOT-INF\classes\application.properties org.springframework.ide.vscode.boot.app.BootLanguageServerBootApp

Host: 11th Gen Intel(R) Core(TM) i7-1165G7 @ 2.80GHz, 8 cores, 15G,  Windows 10 , 64 bit Build 19041 (10.0.19041.3031)
Time: Sat Jul 22 11:05:45 2023 Montevideo Standard Time elapsed time: 0.640464 seconds (0d 0h 0m 0s)

---------------  T H R E A D  ---------------

Current thread (0x0000020bd46eb920):  JavaThread "Unknown thread" [_thread_in_vm, id=27276, stack(0x000000a62bd00000,0x000000a62be00000)]

Stack: [0x000000a62bd00000,0x000000a62be00000]
Native frames: (J=compiled Java code, j=interpreted, Vv=VM code, C=native code)
V  [jvm.dll+0x67754a]
V  [jvm.dll+0x834304]
V  [jvm.dll+0x835aae]
V  [jvm.dll+0x836113]
V  [jvm.dll+0x24696f]
V  [jvm.dll+0xa681f]
V  [jvm.dll+0x2d8bd4]
V  [jvm.dll+0x80669c]
V  [jvm.dll+0x36ac91]
V  [jvm.dll+0x7e5cec]
V  [jvm.dll+0x3ed56f]
V  [jvm.dll+0x3ef0a1]
C  [jli.dll+0x528b]
C  [ucrtbase.dll+0x21bb2]
C  [KERNEL32.DLL+0x17614]
C  [ntdll.dll+0x526f1]


---------------  P R O C E S S  ---------------

Threads class SMR info:
_java_thread_list=0x00007ffd76477018, length=0, elements={
}

Java Threads: ( => current thread )

Other Threads:

=>0x0000020bd46eb920 (exited) JavaThread "Unknown thread" [_thread_in_vm, id=27276, stack(0x000000a62bd00000,0x000000a62be00000)]

Threads with active compile tasks:

VM state: not at safepoint (not fully initialized)

VM Mutex/Monitor currently owned by a thread: None

Heap address: 0x0000000000000000, size: 0 MB, Compressed Oops mode: 32-bit

CDS archive(s) mapped at: [0x0000000000000000-0x0000000000000000-0x0000000000000000), size 0, SharedBaseAddress: 0x0000000800000000, ArchiveRelocationMode: 0.
Narrow klass base: 0x0000000000000000, Narrow klass shift: 0, Narrow klass range: 0x0

GC Precious Log:
<Empty>

GC Heap History (0 events):
No events

Dll operation events (1 events):
Event: 0.606 Loaded shared library c:\Users\alexis.martinez\.vscode\extensions\redhat.java-1.20.0-win32-x64\jre\17.0.7-win32-x86_64\bin\java.dll

Deoptimization events (0 events):
No events

Classes unloaded (0 events):
No events

Classes redefined (0 events):
No events

Internal exceptions (0 events):
No events

VM Operations (0 events):
No events

Events (0 events):
No events


Dynamic libraries:
0x00007ff651000000 - 0x00007ff65100e000 	c:\Users\alexis.martinez\.vscode\extensions\redhat.java-1.20.0-win32-x64\jre\17.0.7-win32-x86_64\bin\java.exe
0x00007ffdfc550000 - 0x00007ffdfc748000 	C:\Windows\SYSTEM32\ntdll.dll
0x00007ffdfaee0000 - 0x00007ffdfaf9f000 	C:\Windows\System32\KERNEL32.DLL
0x00007ffdfa070000 - 0x00007ffdfa366000 	C:\Windows\System32\KERNELBASE.dll
0x00007ffdf4040000 - 0x00007ffdf40d1000 	C:\Windows\SYSTEM32\apphelp.dll
0x00007ffdf9d70000 - 0x00007ffdf9e70000 	C:\Windows\System32\ucrtbase.dll
0x00007ffddd220000 - 0x00007ffddd237000 	c:\Users\alexis.martinez\.vscode\extensions\redhat.java-1.20.0-win32-x64\jre\17.0.7-win32-x86_64\bin\jli.dll
0x00007ffdfb0d0000 - 0x00007ffdfb26d000 	C:\Windows\System32\USER32.dll
0x00007ffdf9ca0000 - 0x00007ffdf9cc2000 	C:\Windows\System32\win32u.dll
0x00007ffdfa5b0000 - 0x00007ffdfa5dc000 	C:\Windows\System32\GDI32.dll
0x00007ffdf9ea0000 - 0x00007ffdf9fb5000 	C:\Windows\System32\gdi32full.dll
0x00007ffdf9cd0000 - 0x00007ffdf9d6d000 	C:\Windows\System32\msvcp_win.dll
0x00007ffde2210000 - 0x00007ffde24aa000 	C:\Windows\WinSxS\amd64_microsoft.windows.common-controls_6595b64144ccf1df_6.0.19041.1110_none_60b5254171f9507e\COMCTL32.dll
0x00007ffdfb500000 - 0x00007ffdfb59e000 	C:\Windows\System32\msvcrt.dll
0x00007ffdcc7d0000 - 0x00007ffdcc7e9000 	c:\Users\alexis.martinez\.vscode\extensions\redhat.java-1.20.0-win32-x64\jre\17.0.7-win32-x86_64\bin\VCRUNTIME140.dll
0x00007ffdfc3c0000 - 0x00007ffdfc3f0000 	C:\Windows\System32\IMM32.DLL
0x00007ffdd3a30000 - 0x00007ffdd3a3c000 	c:\Users\alexis.martinez\.vscode\extensions\redhat.java-1.20.0-win32-x64\jre\17.0.7-win32-x86_64\bin\vcruntime140_1.dll
0x00007ffdbcc60000 - 0x00007ffdbccf1000 	c:\Users\alexis.martinez\.vscode\extensions\redhat.java-1.20.0-win32-x64\jre\17.0.7-win32-x86_64\bin\msvcp140.dll
0x00007ffd75960000 - 0x00007ffd765a8000 	c:\Users\alexis.martinez\.vscode\extensions\redhat.java-1.20.0-win32-x64\jre\17.0.7-win32-x86_64\bin\server\jvm.dll
0x00007ffdfb270000 - 0x00007ffdfb31f000 	C:\Windows\System32\ADVAPI32.dll
0x00007ffdfb320000 - 0x00007ffdfb3bc000 	C:\Windows\System32\sechost.dll
0x00007ffdfc230000 - 0x00007ffdfc356000 	C:\Windows\System32\RPCRT4.dll
0x00007ffdf36b0000 - 0x00007ffdf36b9000 	C:\Windows\SYSTEM32\WSOCK32.dll
0x00007ffdfaa00000 - 0x00007ffdfaa6b000 	C:\Windows\System32\WS2_32.dll
0x00007ffdf4360000 - 0x00007ffdf4387000 	C:\Windows\SYSTEM32\WINMM.dll
0x00007ffdef8e0000 - 0x00007ffdef8ea000 	C:\Windows\SYSTEM32\VERSION.dll
0x00007ffdf76c0000 - 0x00007ffdf76d2000 	C:\Windows\SYSTEM32\kernel.appcore.dll
0x00007ffdd3a10000 - 0x00007ffdd3a1a000 	c:\Users\alexis.martinez\.vscode\extensions\redhat.java-1.20.0-win32-x64\jre\17.0.7-win32-x86_64\bin\jimage.dll
0x00007ffdf6fa0000 - 0x00007ffdf7184000 	C:\Windows\SYSTEM32\DBGHELP.DLL
0x00007ffdf4320000 - 0x00007ffdf4354000 	C:\Windows\SYSTEM32\dbgcore.DLL
0x00007ffdfa520000 - 0x00007ffdfa5a2000 	C:\Windows\System32\bcryptPrimitives.dll
0x00007ffdc8fc0000 - 0x00007ffdc8fe5000 	c:\Users\alexis.martinez\.vscode\extensions\redhat.java-1.20.0-win32-x64\jre\17.0.7-win32-x86_64\bin\java.dll

dbghelp: loaded successfully - version: 4.0.5 - missing functions: none
symbol engine: initialized successfully - sym options: 0x614 - pdb path: .;c:\Users\alexis.martinez\.vscode\extensions\redhat.java-1.20.0-win32-x64\jre\17.0.7-win32-x86_64\bin;C:\Windows\SYSTEM32;C:\Windows\WinSxS\amd64_microsoft.windows.common-controls_6595b64144ccf1df_6.0.19041.1110_none_60b5254171f9507e;c:\Users\alexis.martinez\.vscode\extensions\redhat.java-1.20.0-win32-x64\jre\17.0.7-win32-x86_64\bin\server

VM Arguments:
jvm_args: -XX:+HeapDumpOnOutOfMemoryError -Xmx1024m -Dsts.lsp.client=vscode -Dsts.log.file=/dev/null -XX:TieredStopAtLevel=1 -Xlog:jni+resolve=off -Dspring.config.location=file:c:\Users\alexis.martinez\.vscode\extensions\vmware.vscode-spring-boot-1.47.0\language-server\BOOT-INF\classes\application.properties 
java_command: org.springframework.ide.vscode.boot.app.BootLanguageServerBootApp
java_class_path (initial): c:\Users\alexis.martinez\.vscode\extensions\vmware.vscode-spring-boot-1.47.0\language-server\BOOT-INF\classes;c:\Users\alexis.martinez\.vscode\extensions\vmware.vscode-spring-boot-1.47.0\language-server\BOOT-INF\lib\annotations-24.0.1.jar;c:\Users\alexis.martinez\.vscode\extensions\vmware.vscode-spring-boot-1.47.0\language-server\BOOT-INF\lib\antlr-runtime-3.5.3.jar;c:\Users\alexis.martinez\.vscode\extensions\vmware.vscode-spring-boot-1.47.0\language-server\BOOT-INF\lib\antlr4-4.11.1.jar;c:\Users\alexis.martinez\.vscode\extensions\vmware.vscode-spring-boot-1.47.0\language-server\BOOT-INF\lib\antlr4-runtime-4.11.1.jar;c:\Users\alexis.martinez\.vscode\extensions\vmware.vscode-spring-boot-1.47.0\language-server\BOOT-INF\lib\aopalliance-1.0.jar;c:\Users\alexis.martinez\.vscode\extensions\vmware.vscode-spring-boot-1.47.0\language-server\BOOT-INF\lib\asm-9.5.jar;c:\Users\alexis.martinez\.vscode\extensions\vmware.vscode-spring-boot-1.47.0\language-server\BOOT-INF\lib\asm-analysis-9.5.jar;c:\Users\alexis.martinez\.vscode\extensions\vmware.vscode-spring-boot-1.47.0\language-server\BOOT-INF\lib\asm-tree-9.5.jar;c:\Users\alexis.martinez\.vscode\extensions\vmware.vscode-spring-boot-1.47.0\language-server\BOOT-INF\lib\asm-util-9.5.jar;c:\Users\alexis.martinez\.vscode\extensions\vmware.vscode-spring-boot-1.47.0\language-server\BOOT-INF\lib\auto-common-1.2.1.jar;c:\Users\alexis.martinez\.vscode\extensions\vmware.vscode-spring-boot-1.47.0\language-server\BOOT-INF\lib\auto-value-annotations-1.9.jar;c:\Users\alexis.martinez\.vscode\extensions\vmware.vscode-spring-boot-1.47.0\language-server\BOOT-INF\lib\caffeine-3.1.2.jar;c:\Users\alexis.martinez\.vscode\extensions\vmware.vscode-spring-boot-1.47.0\language-server\BOOT-INF\lib\checker-qual-3.12.0.jar;c:\Users\alexis.martinez\.vscode\extensions\vmware.vscode-spring-boot-1.47.0\language-server\BOOT-INF\lib\classgraph-4.8.149.jar;c:\Users\alexis.martinez\.vscode\extensions\vmware.vscode-spring-boot-1.47.0\lan
Launcher Type: SUN_STANDARD

[Global flags]
     intx CICompilerCount                          = 4                                         {product} {ergonomic}
     uint ConcGCThreads                            = 2                                         {product} {ergonomic}
     uint G1ConcRefinementThreads                  = 8                                         {product} {ergonomic}
   size_t G1HeapRegionSize                         = 1048576                                   {product} {ergonomic}
    uintx GCDrainStackTargetSize                   = 64                                        {product} {ergonomic}
     bool HeapDumpOnOutOfMemoryError               = true                                   {manageable} {command line}
   size_t InitialHeapSize                          = 264241152                                 {product} {ergonomic}
   size_t MarkStackSize                            = 4194304                                   {product} {ergonomic}
   size_t MaxHeapSize                              = 1073741824                                {product} {command line}
   size_t MinHeapDeltaBytes                        = 1048576                                   {product} {ergonomic}
   size_t MinHeapSize                              = 8388608                                   {product} {ergonomic}
    uintx NonProfiledCodeHeapSize                  = 0                                      {pd product} {ergonomic}
     bool ProfileInterpreter                       = false                                  {pd product} {command line}
    uintx ProfiledCodeHeapSize                     = 0                                      {pd product} {ergonomic}
   size_t SoftMaxHeapSize                          = 1073741824                             {manageable} {ergonomic}
     intx TieredStopAtLevel                        = 1                                         {product} {command line}
     bool UseCompressedClassPointers               = true                           {product lp64_product} {ergonomic}
     bool UseCompressedOops                        = true                           {product lp64_product} {ergonomic}
     bool UseG1GC                                  = true                                      {product} {ergonomic}
     bool UseLargePagesIndividualAllocation        = false                                  {pd product} {ergonomic}

Logging:
Log output configuration:
 #0: stdout all=warning,jni+resolve=off uptime,level,tags (reconfigured)
 #1: stderr all=off uptime,level,tags

Environment Variables:
JAVA_HOME=C:\Users\alexis.martinez\Practices\React\ViteReactSpringBoot\Spring\jdk-20.0.1
PATH=C:\Program Files\Common Files\Oracle\Java\javapath;C:\Program Files\Microsoft\jdk-11.0.18.10-hotspot\bin;C:\Program Files\Eclipse Adoptium\jdk-11.0.18.10-hotspot\bin;C:\Windows\system32;C:\Windows;C:\Windows\System32\Wbem;C:\Windows\System32\WindowsPowerShell\v1.0\;C:\Windows\System32\OpenSSH\;C:\Program Files (x86)\InvGate\Insight Agent;C:\Program Files\Git\cmd;;C:\ProgramData\chocolatey\bin;C:\Program Files\nodejs\;C:\Program Files\Microsoft SQL Server\Client SDK\ODBC\170\Tools\Binn\;C:\Program Files\Microsoft SQL Server\150\Tools\Binn\;C:\Program Files\dotnet\;C:\Users\alexis.martinez\AppData\Local\Android\Sdk\platform-tools;C:\Users\alexis.martinez\AppData\Local\Android\Sdk\platform-tools;C:\Users\alexis.martinez\AppData\Local\Android\Sdk\tools;C:\Users\alexis.martinez\AppData\Local\Android\Sdk\tools;C:\Users\alexis.martinez\AppData\Local\Microsoft\WindowsApps;C:\Users\alexis.martinez\AppData\Local\Programs\Microsoft VS Code\bin;C:\Program Files\JetBrains\IntelliJ IDEA Community Edition 2022.3.3\bin;;C:\Users\alexis.martinez\AppData\Local\GitHubDesktop\bin;C:\Users\alexis.martinez\AppData\Local\Android\Sdk;C:\Users\alexis.martinez\AppData\Roaming\npm;C:\Users\alexis.martinez\AppData\Local\Android\Sdk\platform-tools;C:\Users\alexis.martinez\Practices\React\ViteReactSpringBoot\Spring\jdk-20.0.1\bin;C:\Users\alexis.martinez\.dotnet\tools
USERNAME=alexis.martinez
OS=Windows_NT
PROCESSOR_IDENTIFIER=Intel64 Family 6 Model 140 Stepping 1, GenuineIntel
TMP=C:\Users\ALEXIS~1.MAR\AppData\Local\Temp
TEMP=C:\Users\ALEXIS~1.MAR\AppData\Local\Temp



---------------  S Y S T E M  ---------------

OS:
 Windows 10 , 64 bit Build 19041 (10.0.19041.3031)
OS uptime: 3 days 0:56 hours

CPU: total 8 (initial active 8) (4 cores per cpu, 2 threads per core) family 6 model 140 stepping 1 microcode 0xa4, cx8, cmov, fxsr, ht, mmx, 3dnowpref, sse, sse2, sse3, ssse3, sse4.1, sse4.2, popcnt, lzcnt, tsc, tscinvbit, avx, avx2, aes, erms, clmul, bmi1, bmi2, adx, avx512f, avx512dq, avx512cd, avx512bw, avx512vl, sha, fma, vzeroupper, avx512_vpopcntdq, avx512_vpclmulqdq, avx512_vaes, avx512_vnni, clflush, clflushopt, clwb, avx512_vbmi2, avx512_vbmi

Memory: 4k page, system-wide physical 16103M (746M free)
TotalPageFile size 65255M (AvailPageFile size 15M)
current process WorkingSet (physical memory assigned to process): 10M, peak: 10M
current process commit charge ("private bytes"): 8M, peak: 9M

vm_info: OpenJDK 64-Bit Server VM (17.0.7+7) for windows-amd64 JRE (17.0.7+7), built on Apr 18 2023 22:10:42 by "temurin" with MS VC++ 16.7 (VS2019)

END.
